app/build/intermediates/manifest_merge_blame_file/debug/processDebugMainManifest/manifest-merger-blame-debug-report.txt
1<?xml version="1.0" encoding="utf-8"?>
2<manifest xmlns:android="http://schemas.android.com/apk/res/android"
3    package="com.fireflisinfotech.ffitbt"
4    android:versionCode="1"
5    android:versionName="1.0" >
6
7    <uses-sdk
8        android:minSdkVersion="23"
9        android:targetSdkVersion="34" />
10
11    <!-- Bluetooth Classic — Android 11 and below -->
12    <uses-permission
12-->src/main/AndroidManifest.xml:5:5-6:37
13        android:name="android.permission.BLUETOOTH"
13-->src/main/AndroidManifest.xml:5:22-65
14        android:maxSdkVersion="30" />
14-->src/main/AndroidManifest.xml:6:9-35
15    <uses-permission
15-->src/main/AndroidManifest.xml:7:5-8:37
16        android:name="android.permission.BLUETOOTH_ADMIN"
16-->src/main/AndroidManifest.xml:7:22-71
17        android:maxSdkVersion="30" />
17-->src/main/AndroidManifest.xml:8:9-35
18    <uses-permission
18-->src/main/AndroidManifest.xml:9:5-10:37
19        android:name="android.permission.ACCESS_FINE_LOCATION"
19-->src/main/AndroidManifest.xml:9:22-76
20        android:maxSdkVersion="30" />
20-->src/main/AndroidManifest.xml:10:9-35
21
22    <!-- Bluetooth Classic — Android 12+ -->
23    <uses-permission android:name="android.permission.BLUETOOTH_CONNECT" />
23-->src/main/AndroidManifest.xml:13:5-75
23-->src/main/AndroidManifest.xml:13:22-73
24    <uses-permission
24-->src/main/AndroidManifest.xml:14:5-15:57
25        android:name="android.permission.BLUETOOTH_SCAN"
25-->src/main/AndroidManifest.xml:14:22-70
26        android:usesPermissionFlags="neverForLocation" />
26-->src/main/AndroidManifest.xml:15:9-55
27
28    <!-- Needed for PrintService to run in background -->
29    <uses-permission android:name="android.permission.FOREGROUND_SERVICE" />
29-->src/main/AndroidManifest.xml:18:5-76
29-->src/main/AndroidManifest.xml:18:22-74
30
31    <permission
31-->[androidx.core:core:1.12.0] AndroidManifest.xml:22:5-24:47
32        android:name="com.fireflisinfotech.ffitbt.DYNAMIC_RECEIVER_NOT_EXPORTED_PERMISSION"
32-->[androidx.core:core:1.12.0] AndroidManifest.xml:23:9-81
33        android:protectionLevel="signature" />
33-->[androidx.core:core:1.12.0] AndroidManifest.xml:24:9-44
34
35    <uses-permission android:name="com.fireflisinfotech.ffitbt.DYNAMIC_RECEIVER_NOT_EXPORTED_PERMISSION" />
35-->[androidx.core:core:1.12.0] AndroidManifest.xml:26:5-97
35-->[androidx.core:core:1.12.0] AndroidManifest.xml:26:22-94
36
37    <application
37-->src/main/AndroidManifest.xml:20:5-53:19
38        android:allowBackup="true"
38-->src/main/AndroidManifest.xml:21:9-35
39        android:appComponentFactory="androidx.core.app.CoreComponentFactory"
39-->[androidx.core:core:1.12.0] AndroidManifest.xml:28:18-86
40        android:debuggable="true"
41        android:extractNativeLibs="false"
42        android:icon="@mipmap/ic_launcher"
42-->src/main/AndroidManifest.xml:22:9-43
43        android:label="FFit BT"
43-->src/main/AndroidManifest.xml:23:9-32
44        android:roundIcon="@mipmap/ic_launcher"
44-->src/main/AndroidManifest.xml:24:9-48
45        android:supportsRtl="true"
45-->src/main/AndroidManifest.xml:25:9-35
46        android:theme="@style/Theme.FFitBT" >
46-->src/main/AndroidManifest.xml:26:9-44
47
48        <!-- Main Activity: Scan + Connect + Test Print UI -->
49        <activity
49-->src/main/AndroidManifest.xml:29:9-37:20
50            android:name="com.fireflisinfotech.ffitbt.MainActivity"
50-->src/main/AndroidManifest.xml:30:13-41
51            android:exported="true"
51-->src/main/AndroidManifest.xml:31:13-36
52            android:label="FFit BT" >
52-->src/main/AndroidManifest.xml:32:13-36
53            <intent-filter>
53-->src/main/AndroidManifest.xml:33:13-36:29
54                <action android:name="android.intent.action.MAIN" />
54-->src/main/AndroidManifest.xml:34:17-68
54-->src/main/AndroidManifest.xml:34:25-66
55
56                <category android:name="android.intent.category.LAUNCHER" />
56-->src/main/AndroidManifest.xml:35:17-76
56-->src/main/AndroidManifest.xml:35:27-74
57            </intent-filter>
58        </activity>
59
60        <!-- PrintService: Registers with Android System Print Framework -->
61        <!-- This makes FFit BT appear in Chrome, browser, and all app print dialogs -->
62        <service
62-->src/main/AndroidManifest.xml:41:9-51:19
63            android:name="com.fireflisinfotech.ffitbt.FFitPrintService"
63-->src/main/AndroidManifest.xml:42:13-45
64            android:exported="true"
64-->src/main/AndroidManifest.xml:44:13-36
65            android:permission="android.permission.BIND_PRINT_SERVICE" >
65-->src/main/AndroidManifest.xml:43:13-71
66            <intent-filter>
66-->src/main/AndroidManifest.xml:45:13-47:29
67                <action android:name="android.printservice.PrintService" />
67-->src/main/AndroidManifest.xml:46:17-75
67-->src/main/AndroidManifest.xml:46:25-73
68            </intent-filter>
69
70            <meta-data
70-->src/main/AndroidManifest.xml:48:13-50:55
71                android:name="android.printservice"
71-->src/main/AndroidManifest.xml:49:17-52
72                android:resource="@xml/printservice" />
72-->src/main/AndroidManifest.xml:50:17-53
73        </service>
74
75        <provider
75-->[androidx.emoji2:emoji2:1.2.0] AndroidManifest.xml:24:9-32:20
76            android:name="androidx.startup.InitializationProvider"
76-->[androidx.emoji2:emoji2:1.2.0] AndroidManifest.xml:25:13-67
77            android:authorities="com.fireflisinfotech.ffitbt.androidx-startup"
77-->[androidx.emoji2:emoji2:1.2.0] AndroidManifest.xml:26:13-68
78            android:exported="false" >
78-->[androidx.emoji2:emoji2:1.2.0] AndroidManifest.xml:27:13-37
79            <meta-data
79-->[androidx.emoji2:emoji2:1.2.0] AndroidManifest.xml:29:13-31:52
80                android:name="androidx.emoji2.text.EmojiCompatInitializer"
80-->[androidx.emoji2:emoji2:1.2.0] AndroidManifest.xml:30:17-75
81                android:value="androidx.startup" />
81-->[androidx.emoji2:emoji2:1.2.0] AndroidManifest.xml:31:17-49
82            <meta-data
82-->[androidx.lifecycle:lifecycle-process:2.7.0] AndroidManifest.xml:29:13-31:52
83                android:name="androidx.lifecycle.ProcessLifecycleInitializer"
83-->[androidx.lifecycle:lifecycle-process:2.7.0] AndroidManifest.xml:30:17-78
84                android:value="androidx.startup" />
84-->[androidx.lifecycle:lifecycle-process:2.7.0] AndroidManifest.xml:31:17-49
85            <meta-data
85-->[androidx.profileinstaller:profileinstaller:1.3.0] AndroidManifest.xml:29:13-31:52
86                android:name="androidx.profileinstaller.ProfileInstallerInitializer"
86-->[androidx.profileinstaller:profileinstaller:1.3.0] AndroidManifest.xml:30:17-85
87                android:value="androidx.startup" />
87-->[androidx.profileinstaller:profileinstaller:1.3.0] AndroidManifest.xml:31:17-49
88        </provider>
89
90        <receiver
90-->[androidx.profileinstaller:profileinstaller:1.3.0] AndroidManifest.xml:34:9-52:20
91            android:name="androidx.profileinstaller.ProfileInstallReceiver"
91-->[androidx.profileinstaller:profileinstaller:1.3.0] AndroidManifest.xml:35:13-76
92            android:directBootAware="false"
92-->[androidx.profileinstaller:profileinstaller:1.3.0] AndroidManifest.xml:36:13-44
93            android:enabled="true"
93-->[androidx.profileinstaller:profileinstaller:1.3.0] AndroidManifest.xml:37:13-35
94            android:exported="true"
94-->[androidx.profileinstaller:profileinstaller:1.3.0] AndroidManifest.xml:38:13-36
95            android:permission="android.permission.DUMP" >
95-->[androidx.profileinstaller:profileinstaller:1.3.0] AndroidManifest.xml:39:13-57
96            <intent-filter>
96-->[androidx.profileinstaller:profileinstaller:1.3.0] AndroidManifest.xml:40:13-42:29
97                <action android:name="androidx.profileinstaller.action.INSTALL_PROFILE" />
97-->[androidx.profileinstaller:profileinstaller:1.3.0] AndroidManifest.xml:41:17-91
97-->[androidx.profileinstaller:profileinstaller:1.3.0] AndroidManifest.xml:41:25-88
98            </intent-filter>
99            <intent-filter>
99-->[androidx.profileinstaller:profileinstaller:1.3.0] AndroidManifest.xml:43:13-45:29
100                <action android:name="androidx.profileinstaller.action.SKIP_FILE" />
100-->[androidx.profileinstaller:profileinstaller:1.3.0] AndroidManifest.xml:44:17-85
100-->[androidx.profileinstaller:profileinstaller:1.3.0] AndroidManifest.xml:44:25-82
101            </intent-filter>
102            <intent-filter>
102-->[androidx.profileinstaller:profileinstaller:1.3.0] AndroidManifest.xml:46:13-48:29
103                <action android:name="androidx.profileinstaller.action.SAVE_PROFILE" />
103-->[androidx.profileinstaller:profileinstaller:1.3.0] AndroidManifest.xml:47:17-88
103-->[androidx.profileinstaller:profileinstaller:1.3.0] AndroidManifest.xml:47:25-85
104            </intent-filter>
105            <intent-filter>
105-->[androidx.profileinstaller:profileinstaller:1.3.0] AndroidManifest.xml:49:13-51:29
106                <action android:name="androidx.profileinstaller.action.BENCHMARK_OPERATION" />
106-->[androidx.profileinstaller:profileinstaller:1.3.0] AndroidManifest.xml:50:17-95
106-->[androidx.profileinstaller:profileinstaller:1.3.0] AndroidManifest.xml:50:25-92
107            </intent-filter>
108        </receiver>
109    </application>
110
111</manifest>